2019-07-29 10:44:57.027 - INFO  [           main] o.s.b.StartupInfoLogger        : Starting DemoApplication on WORKGROUP1 with PID 1488 (C:\Users\Administrator\IdeaProjects\demo\target\classes started by Administrator in C:\Users\Administrator\IdeaProjects\demo)
2019-07-29 10:44:57.032 - INFO  [           main] o.s.b.SpringApplication        : No active profile set, falling back to default profiles: default
2019-07-29 10:44:57.619 - INFO  [           main] epositoryConfigurationDelegate : Multiple Spring Data modules found, entering strict repository configuration mode!
2019-07-29 10:44:57.622 - INFO  [           main] epositoryConfigurationDelegate : Bootstrapping Spring Data repositories in DEFAULT mode.
2019-07-29 10:44:57.649 - INFO  [           main] epositoryConfigurationDelegate : Finished Spring Data repository scanning in 17ms. Found 0 repository interfaces.
2019-07-29 10:44:57.885 - INFO  [           main] egate$BeanPostProcessorChecker : Bean 'org.springframework.transaction.annotation.ProxyTransactionManagementConfiguration' of type [org.springframework.transaction.annotation.ProxyTransactionManagementConfiguration$$EnhancerBySpringCGLIB$$68798713] is not eligible for getting processed by all BeanPostProcessors (for example: not eligible for auto-proxying)
2019-07-29 10:44:58.122 - INFO  [           main] o.s.b.w.e.t.TomcatWebServer    : Tomcat initialized with port(s): 8080 (http)
2019-07-29 10:44:58.146 - INFO  [           main] o.a.j.l.DirectJDKLog           : Initializing ProtocolHandler ["http-nio-8080"]
2019-07-29 10:44:58.173 - INFO  [           main] o.a.j.l.DirectJDKLog           : Starting service [Tomcat]
2019-07-29 10:44:58.174 - INFO  [           main] o.a.j.l.DirectJDKLog           : Starting Servlet engine: [Apache Tomcat/9.0.21]
2019-07-29 10:44:58.292 - INFO  [           main] o.a.j.l.DirectJDKLog           : Initializing Spring embedded WebApplicationContext
2019-07-29 10:44:58.292 - INFO  [           main] letWebServerApplicationContext : Root WebApplicationContext: initialization completed in 1168 ms
2019-07-29 10:44:58.465 - INFO  [           main] c.z.h.HikariDataSource         : HikariPool-1 - Starting...
2019-07-29 10:44:58.987 - INFO  [           main] c.z.h.HikariDataSource         : HikariPool-1 - Start completed.
2019-07-29 10:44:59.279 - INFO  [           main] c.ExecutorConfigurationSupport : Initializing ExecutorService 'applicationTaskExecutor'
2019-07-29 10:44:59.504 - INFO  [           main] c.ExecutorConfigurationSupport : Initializing ExecutorService 'taskScheduler'
2019-07-29 10:44:59.538 - INFO  [           main] o.a.j.l.DirectJDKLog           : Starting ProtocolHandler ["http-nio-8080"]
2019-07-29 10:44:59.586 - INFO  [           main] o.s.b.w.e.t.TomcatWebServer    : Tomcat started on port(s): 8080 (http) with context path ''
2019-07-29 10:44:59.597 - INFO  [           main] o.s.b.StartupInfoLogger        : Started DemoApplication in 3.089 seconds (JVM running for 6.184)
2019-07-29 10:45:50.644 - INFO  [nio-8080-exec-1] o.a.j.l.DirectJDKLog           : Initializing Spring DispatcherServlet 'dispatcherServlet'
2019-07-29 10:45:50.644 - INFO  [nio-8080-exec-1] o.s.w.s.FrameworkServlet       : Initializing Servlet 'dispatcherServlet'
2019-07-29 10:45:50.649 - INFO  [nio-8080-exec-1] o.s.w.s.FrameworkServlet       : Completed initialization in 5 ms
2019-07-29 10:46:48.627 - INFO  [nio-8080-exec-3] c.e.d.s.UserService            : 修改User{id='2d6f3d70-af70-11e9-b327-448a5b88b607', name='王府井', address='森林狼'}
